2015/09/11 10:38:09 [error] [exception.CHttpException.404] exception 'CHttpException' with message 'Unable to resolve the request "app/js/lib/jquery.min.map".' in C:\xampp\htdocs\yii_main\framework\web\CWebApplication.php:286
Stack trace:
#0 C:\xampp\htdocs\yii_main\framework\web\CWebApplication.php(141): CWebApplication->runController('app/js/lib/jque...')
#1 C:\xampp\htdocs\yii_main\framework\base\CApplication.php(169): CWebApplication->processRequest()
#2 C:\xampp\htdocs\ichatstyle\index.php(13): CApplication->run()
#3 {main}
REQUEST_URI=/ichatstyle/app/js/lib/jquery.min.map
---
2015/09/11 10:38:10 [error] [system.db.CDbCommand] CDbCommand::fetchAll() failed: SQLSTATE[42000]: Syntax error or access violation: 1064 You have an error in your SQL syntax; check the manual that corresponds to your MySQL server version for the right syntax to use near ')' at line 1. The SQL statement executed was: SELECT * FROM `ic_profile` `t` WHERE (not user_id=1) AND (not user_id=).
in C:\xampp\htdocs\ichatstyle\protected\modules\user\models\Profile.php (59)
in C:\xampp\htdocs\ichatstyle\protected\controllers\SiteController.php (24)
in C:\xampp\htdocs\ichatstyle\index.php (13)
2015/09/11 10:38:10 [error] [exception.CDbException] exception 'CDbException' with message 'CDbCommand failed to execute the SQL statement: SQLSTATE[42000]: Syntax error or access violation: 1064 You have an error in your SQL syntax; check the manual that corresponds to your MySQL server version for the right syntax to use near ')' at line 1. The SQL statement executed was: SELECT * FROM `ic_profile` `t` WHERE (not user_id=1) AND (not user_id=)' in C:\xampp\htdocs\yii_main\framework\db\CDbCommand.php:541
Stack trace:
#0 C:\xampp\htdocs\yii_main\framework\db\CDbCommand.php(395): CDbCommand->queryInternal('fetchAll', Array, Array)
#1 C:\xampp\htdocs\yii_main\framework\db\ar\CActiveRecord.php(1297): CDbCommand->queryAll()
#2 C:\xampp\htdocs\yii_main\framework\db\ar\CActiveRecord.php(1416): CActiveRecord->query(Object(CDbCriteria), true)
#3 C:\xampp\htdocs\ichatstyle\protected\modules\user\models\Profile.php(59): CActiveRecord->findAll(Object(CDbCriteria))
#4 C:\xampp\htdocs\ichatstyle\protected\controllers\SiteController.php(24): Profile::getPeople(true)
#5 C:\xampp\htdocs\yii_main\framework\web\actions\CInlineAction.php(49): SiteController->actionUsers()
#6 C:\xampp\htdocs\yii_main\framework\web\CController.php(308): CInlineAction->runWithParams(Array)
#7 C:\xampp\htdocs\yii_main\framework\web\CController.php(286): CController->runAction(Object(CInlineAction))
#8 C:\xampp\htdocs\yii_main\framework\web\CController.php(265): CController->runActionWithFilters(Object(CInlineAction), Array)
#9 C:\xampp\htdocs\yii_main\framework\web\CWebApplication.php(282): CController->run('users')
#10 C:\xampp\htdocs\yii_main\framework\web\CWebApplication.php(141): CWebApplication->runController('site/users')
#11 C:\xampp\htdocs\yii_main\framework\base\CApplication.php(169): CWebApplication->processRequest()
#12 C:\xampp\htdocs\ichatstyle\index.php(13): CApplication->run()
#13 {main}
REQUEST_URI=/ichatstyle/site/users
HTTP_REFERER=http://localhost/ichatstyle/app/
---
2015/09/11 10:39:14 [error] [exception.CHttpException.404] exception 'CHttpException' with message 'Unable to resolve the request "app/js/lib/jquery.min.map".' in C:\xampp\htdocs\yii_main\framework\web\CWebApplication.php:286
Stack trace:
#0 C:\xampp\htdocs\yii_main\framework\web\CWebApplication.php(141): CWebApplication->runController('app/js/lib/jque...')
#1 C:\xampp\htdocs\yii_main\framework\base\CApplication.php(169): CWebApplication->processRequest()
#2 C:\xampp\htdocs\ichatstyle\index.php(13): CApplication->run()
#3 {main}
REQUEST_URI=/ichatstyle/app/js/lib/jquery.min.map
---
2015/09/11 10:39:16 [error] [system.db.CDbCommand] CDbCommand::fetchAll() failed: SQLSTATE[42000]: Syntax error or access violation: 1064 You have an error in your SQL syntax; check the manual that corresponds to your MySQL server version for the right syntax to use near ')' at line 1. The SQL statement executed was: SELECT * FROM `ic_profile` `t` WHERE (not user_id=1) AND (not user_id=).
in C:\xampp\htdocs\ichatstyle\protected\modules\user\models\Profile.php (59)
in C:\xampp\htdocs\ichatstyle\protected\controllers\SiteController.php (24)
in C:\xampp\htdocs\ichatstyle\index.php (13)
2015/09/11 10:39:16 [error] [exception.CDbException] exception 'CDbException' with message 'CDbCommand failed to execute the SQL statement: SQLSTATE[42000]: Syntax error or access violation: 1064 You have an error in your SQL syntax; check the manual that corresponds to your MySQL server version for the right syntax to use near ')' at line 1. The SQL statement executed was: SELECT * FROM `ic_profile` `t` WHERE (not user_id=1) AND (not user_id=)' in C:\xampp\htdocs\yii_main\framework\db\CDbCommand.php:541
Stack trace:
#0 C:\xampp\htdocs\yii_main\framework\db\CDbCommand.php(395): CDbCommand->queryInternal('fetchAll', Array, Array)
#1 C:\xampp\htdocs\yii_main\framework\db\ar\CActiveRecord.php(1297): CDbCommand->queryAll()
#2 C:\xampp\htdocs\yii_main\framework\db\ar\CActiveRecord.php(1416): CActiveRecord->query(Object(CDbCriteria), true)
#3 C:\xampp\htdocs\ichatstyle\protected\modules\user\models\Profile.php(59): CActiveRecord->findAll(Object(CDbCriteria))
#4 C:\xampp\htdocs\ichatstyle\protected\controllers\SiteController.php(24): Profile::getPeople(true)
#5 C:\xampp\htdocs\yii_main\framework\web\actions\CInlineAction.php(49): SiteController->actionUsers()
#6 C:\xampp\htdocs\yii_main\framework\web\CController.php(308): CInlineAction->runWithParams(Array)
#7 C:\xampp\htdocs\yii_main\framework\web\CController.php(286): CController->runAction(Object(CInlineAction))
#8 C:\xampp\htdocs\yii_main\framework\web\CController.php(265): CController->runActionWithFilters(Object(CInlineAction), Array)
#9 C:\xampp\htdocs\yii_main\framework\web\CWebApplication.php(282): CController->run('users')
#10 C:\xampp\htdocs\yii_main\framework\web\CWebApplication.php(141): CWebApplication->runController('site/users')
#11 C:\xampp\htdocs\yii_main\framework\base\CApplication.php(169): CWebApplication->processRequest()
#12 C:\xampp\htdocs\ichatstyle\index.php(13): CApplication->run()
#13 {main}
REQUEST_URI=/ichatstyle/site/users
HTTP_REFERER=http://localhost/ichatstyle/app/
---
2015/09/11 10:39:23 [error] [exception.CHttpException.404] exception 'CHttpException' with message 'Unable to resolve the request "app/js/lib/jquery.min.map".' in C:\xampp\htdocs\yii_main\framework\web\CWebApplication.php:286
Stack trace:
#0 C:\xampp\htdocs\yii_main\framework\web\CWebApplication.php(141): CWebApplication->runController('app/js/lib/jque...')
#1 C:\xampp\htdocs\yii_main\framework\base\CApplication.php(169): CWebApplication->processRequest()
#2 C:\xampp\htdocs\ichatstyle\index.php(13): CApplication->run()
#3 {main}
REQUEST_URI=/ichatstyle/app/js/lib/jquery.min.map
---
2015/09/11 10:39:25 [error] [system.db.CDbCommand] CDbCommand::fetchAll() failed: SQLSTATE[42000]: Syntax error or access violation: 1064 You have an error in your SQL syntax; check the manual that corresponds to your MySQL server version for the right syntax to use near ')' at line 1. The SQL statement executed was: SELECT * FROM `ic_profile` `t` WHERE (not user_id=1) AND (not user_id=).
in C:\xampp\htdocs\ichatstyle\protected\modules\user\models\Profile.php (59)
in C:\xampp\htdocs\ichatstyle\protected\controllers\SiteController.php (24)
in C:\xampp\htdocs\ichatstyle\index.php (13)
2015/09/11 10:39:25 [error] [exception.CDbException] exception 'CDbException' with message 'CDbCommand failed to execute the SQL statement: SQLSTATE[42000]: Syntax error or access violation: 1064 You have an error in your SQL syntax; check the manual that corresponds to your MySQL server version for the right syntax to use near ')' at line 1. The SQL statement executed was: SELECT * FROM `ic_profile` `t` WHERE (not user_id=1) AND (not user_id=)' in C:\xampp\htdocs\yii_main\framework\db\CDbCommand.php:541
Stack trace:
#0 C:\xampp\htdocs\yii_main\framework\db\CDbCommand.php(395): CDbCommand->queryInternal('fetchAll', Array, Array)
#1 C:\xampp\htdocs\yii_main\framework\db\ar\CActiveRecord.php(1297): CDbCommand->queryAll()
#2 C:\xampp\htdocs\yii_main\framework\db\ar\CActiveRecord.php(1416): CActiveRecord->query(Object(CDbCriteria), true)
#3 C:\xampp\htdocs\ichatstyle\protected\modules\user\models\Profile.php(59): CActiveRecord->findAll(Object(CDbCriteria))
#4 C:\xampp\htdocs\ichatstyle\protected\controllers\SiteController.php(24): Profile::getPeople(true)
#5 C:\xampp\htdocs\yii_main\framework\web\actions\CInlineAction.php(49): SiteController->actionUsers()
#6 C:\xampp\htdocs\yii_main\framework\web\CController.php(308): CInlineAction->runWithParams(Array)
#7 C:\xampp\htdocs\yii_main\framework\web\CController.php(286): CController->runAction(Object(CInlineAction))
#8 C:\xampp\htdocs\yii_main\framework\web\CController.php(265): CController->runActionWithFilters(Object(CInlineAction), Array)
#9 C:\xampp\htdocs\yii_main\framework\web\CWebApplication.php(282): CController->run('users')
#10 C:\xampp\htdocs\yii_main\framework\web\CWebApplication.php(141): CWebApplication->runController('site/users')
#11 C:\xampp\htdocs\yii_main\framework\base\CApplication.php(169): CWebApplication->processRequest()
#12 C:\xampp\htdocs\ichatstyle\index.php(13): CApplication->run()
#13 {main}
REQUEST_URI=/ichatstyle/site/users
HTTP_REFERER=http://localhost/ichatstyle/app/
---
2015/09/11 10:41:09 [error] [exception.CHttpException.404] exception 'CHttpException' with message 'Unable to resolve the request "app/js/lib/jquery.min.map".' in C:\xampp\htdocs\yii_main\framework\web\CWebApplication.php:286
Stack trace:
#0 C:\xampp\htdocs\yii_main\framework\web\CWebApplication.php(141): CWebApplication->runController('app/js/lib/jque...')
#1 C:\xampp\htdocs\yii_main\framework\base\CApplication.php(169): CWebApplication->processRequest()
#2 C:\xampp\htdocs\ichatstyle\index.php(13): CApplication->run()
#3 {main}
REQUEST_URI=/ichatstyle/app/js/lib/jquery.min.map
---
2015/09/11 10:41:10 [error] [system.db.CDbCommand] CDbCommand::fetchAll() failed: SQLSTATE[42000]: Syntax error or access violation: 1064 You have an error in your SQL syntax; check the manual that corresponds to your MySQL server version for the right syntax to use near ')' at line 1. The SQL statement executed was: SELECT * FROM `ic_profile` `t` WHERE (not user_id=1) AND (not user_id=).
in C:\xampp\htdocs\ichatstyle\protected\modules\user\models\Profile.php (59)
in C:\xampp\htdocs\ichatstyle\protected\controllers\SiteController.php (24)
in C:\xampp\htdocs\ichatstyle\index.php (13)
2015/09/11 10:41:10 [error] [exception.CDbException] exception 'CDbException' with message 'CDbCommand failed to execute the SQL statement: SQLSTATE[42000]: Syntax error or access violation: 1064 You have an error in your SQL syntax; check the manual that corresponds to your MySQL server version for the right syntax to use near ')' at line 1. The SQL statement executed was: SELECT * FROM `ic_profile` `t` WHERE (not user_id=1) AND (not user_id=)' in C:\xampp\htdocs\yii_main\framework\db\CDbCommand.php:541
Stack trace:
#0 C:\xampp\htdocs\yii_main\framework\db\CDbCommand.php(395): CDbCommand->queryInternal('fetchAll', Array, Array)
#1 C:\xampp\htdocs\yii_main\framework\db\ar\CActiveRecord.php(1297): CDbCommand->queryAll()
#2 C:\xampp\htdocs\yii_main\framework\db\ar\CActiveRecord.php(1416): CActiveRecord->query(Object(CDbCriteria), true)
#3 C:\xampp\htdocs\ichatstyle\protected\modules\user\models\Profile.php(59): CActiveRecord->findAll(Object(CDbCriteria))
#4 C:\xampp\htdocs\ichatstyle\protected\controllers\SiteController.php(24): Profile::getPeople(true)
#5 C:\xampp\htdocs\yii_main\framework\web\actions\CInlineAction.php(49): SiteController->actionUsers()
#6 C:\xampp\htdocs\yii_main\framework\web\CController.php(308): CInlineAction->runWithParams(Array)
#7 C:\xampp\htdocs\yii_main\framework\web\CController.php(286): CController->runAction(Object(CInlineAction))
#8 C:\xampp\htdocs\yii_main\framework\web\CController.php(265): CController->runActionWithFilters(Object(CInlineAction), Array)
#9 C:\xampp\htdocs\yii_main\framework\web\CWebApplication.php(282): CController->run('users')
#10 C:\xampp\htdocs\yii_main\framework\web\CWebApplication.php(141): CWebApplication->runController('site/users')
#11 C:\xampp\htdocs\yii_main\framework\base\CApplication.php(169): CWebApplication->processRequest()
#12 C:\xampp\htdocs\ichatstyle\index.php(13): CApplication->run()
#13 {main}
REQUEST_URI=/ichatstyle/site/users
HTTP_REFERER=http://localhost/ichatstyle/app/
---
2015/09/11 10:42:12 [error] [exception.CHttpException.404] exception 'CHttpException' with message 'Unable to resolve the request "app/js/lib/jquery.min.map".' in C:\xampp\htdocs\yii_main\framework\web\CWebApplication.php:286
Stack trace:
#0 C:\xampp\htdocs\yii_main\framework\web\CWebApplication.php(141): CWebApplication->runController('app/js/lib/jque...')
#1 C:\xampp\htdocs\yii_main\framework\base\CApplication.php(169): CWebApplication->processRequest()
#2 C:\xampp\htdocs\ichatstyle\index.php(13): CApplication->run()
#3 {main}
REQUEST_URI=/ichatstyle/app/js/lib/jquery.min.map
---
2015/09/11 10:42:13 [error] [system.db.CDbCommand] CDbCommand::fetchAll() failed: SQLSTATE[42000]: Syntax error or access violation: 1064 You have an error in your SQL syntax; check the manual that corresponds to your MySQL server version for the right syntax to use near ')' at line 1. The SQL statement executed was: SELECT * FROM `ic_profile` `t` WHERE (not user_id=1) AND (not user_id=).
in C:\xampp\htdocs\ichatstyle\protected\modules\user\models\Profile.php (59)
in C:\xampp\htdocs\ichatstyle\protected\controllers\SiteController.php (24)
in C:\xampp\htdocs\ichatstyle\index.php (13)
2015/09/11 10:42:13 [error] [exception.CDbException] exception 'CDbException' with message 'CDbCommand failed to execute the SQL statement: SQLSTATE[42000]: Syntax error or access violation: 1064 You have an error in your SQL syntax; check the manual that corresponds to your MySQL server version for the right syntax to use near ')' at line 1. The SQL statement executed was: SELECT * FROM `ic_profile` `t` WHERE (not user_id=1) AND (not user_id=)' in C:\xampp\htdocs\yii_main\framework\db\CDbCommand.php:541
Stack trace:
#0 C:\xampp\htdocs\yii_main\framework\db\CDbCommand.php(395): CDbCommand->queryInternal('fetchAll', Array, Array)
#1 C:\xampp\htdocs\yii_main\framework\db\ar\CActiveRecord.php(1297): CDbCommand->queryAll()
#2 C:\xampp\htdocs\yii_main\framework\db\ar\CActiveRecord.php(1416): CActiveRecord->query(Object(CDbCriteria), true)
#3 C:\xampp\htdocs\ichatstyle\protected\modules\user\models\Profile.php(59): CActiveRecord->findAll(Object(CDbCriteria))
#4 C:\xampp\htdocs\ichatstyle\protected\controllers\SiteController.php(24): Profile::getPeople(true)
#5 C:\xampp\htdocs\yii_main\framework\web\actions\CInlineAction.php(49): SiteController->actionUsers()
#6 C:\xampp\htdocs\yii_main\framework\web\CController.php(308): CInlineAction->runWithParams(Array)
#7 C:\xampp\htdocs\yii_main\framework\web\CController.php(286): CController->runAction(Object(CInlineAction))
#8 C:\xampp\htdocs\yii_main\framework\web\CController.php(265): CController->runActionWithFilters(Object(CInlineAction), Array)
#9 C:\xampp\htdocs\yii_main\framework\web\CWebApplication.php(282): CController->run('users')
#10 C:\xampp\htdocs\yii_main\framework\web\CWebApplication.php(141): CWebApplication->runController('site/users')
#11 C:\xampp\htdocs\yii_main\framework\base\CApplication.php(169): CWebApplication->processRequest()
#12 C:\xampp\htdocs\ichatstyle\index.php(13): CApplication->run()
#13 {main}
REQUEST_URI=/ichatstyle/site/users
HTTP_REFERER=http://localhost/ichatstyle/app/
---
2015/09/11 10:42:25 [error] [exception.CHttpException.404] exception 'CHttpException' with message 'Unable to resolve the request "app/js/lib/jquery.min.map".' in C:\xampp\htdocs\yii_main\framework\web\CWebApplication.php:286
Stack trace:
#0 C:\xampp\htdocs\yii_main\framework\web\CWebApplication.php(141): CWebApplication->runController('app/js/lib/jque...')
#1 C:\xampp\htdocs\yii_main\framework\base\CApplication.php(169): CWebApplication->processRequest()
#2 C:\xampp\htdocs\ichatstyle\index.php(13): CApplication->run()
#3 {main}
REQUEST_URI=/ichatstyle/app/js/lib/jquery.min.map
---
2015/09/11 10:42:26 [error] [system.db.CDbCommand] CDbCommand::fetchAll() failed: SQLSTATE[42000]: Syntax error or access violation: 1064 You have an error in your SQL syntax; check the manual that corresponds to your MySQL server version for the right syntax to use near ')' at line 1. The SQL statement executed was: SELECT * FROM `ic_profile` `t` WHERE (not user_id=1) AND (not user_id=).
in C:\xampp\htdocs\ichatstyle\protected\modules\user\models\Profile.php (59)
in C:\xampp\htdocs\ichatstyle\protected\controllers\SiteController.php (24)
in C:\xampp\htdocs\ichatstyle\index.php (13)
2015/09/11 10:42:26 [error] [exception.CDbException] exception 'CDbException' with message 'CDbCommand failed to execute the SQL statement: SQLSTATE[42000]: Syntax error or access violation: 1064 You have an error in your SQL syntax; check the manual that corresponds to your MySQL server version for the right syntax to use near ')' at line 1. The SQL statement executed was: SELECT * FROM `ic_profile` `t` WHERE (not user_id=1) AND (not user_id=)' in C:\xampp\htdocs\yii_main\framework\db\CDbCommand.php:541
Stack trace:
#0 C:\xampp\htdocs\yii_main\framework\db\CDbCommand.php(395): CDbCommand->queryInternal('fetchAll', Array, Array)
#1 C:\xampp\htdocs\yii_main\framework\db\ar\CActiveRecord.php(1297): CDbCommand->queryAll()
#2 C:\xampp\htdocs\yii_main\framework\db\ar\CActiveRecord.php(1416): CActiveRecord->query(Object(CDbCriteria), true)
#3 C:\xampp\htdocs\ichatstyle\protected\modules\user\models\Profile.php(59): CActiveRecord->findAll(Object(CDbCriteria))
#4 C:\xampp\htdocs\ichatstyle\protected\controllers\SiteController.php(24): Profile::getPeople(true)
#5 C:\xampp\htdocs\yii_main\framework\web\actions\CInlineAction.php(49): SiteController->actionUsers()
#6 C:\xampp\htdocs\yii_main\framework\web\CController.php(308): CInlineAction->runWithParams(Array)
#7 C:\xampp\htdocs\yii_main\framework\web\CController.php(286): CController->runAction(Object(CInlineAction))
#8 C:\xampp\htdocs\yii_main\framework\web\CController.php(265): CController->runActionWithFilters(Object(CInlineAction), Array)
#9 C:\xampp\htdocs\yii_main\framework\web\CWebApplication.php(282): CController->run('users')
#10 C:\xampp\htdocs\yii_main\framework\web\CWebApplication.php(141): CWebApplication->runController('site/users')
#11 C:\xampp\htdocs\yii_main\framework\base\CApplication.php(169): CWebApplication->processRequest()
#12 C:\xampp\htdocs\ichatstyle\index.php(13): CApplication->run()
#13 {main}
REQUEST_URI=/ichatstyle/site/users
HTTP_REFERER=http://localhost/ichatstyle/app/
---
2015/09/11 10:43:01 [error] [exception.CHttpException.404] exception 'CHttpException' with message 'Unable to resolve the request "app/js/lib/jquery.min.map".' in C:\xampp\htdocs\yii_main\framework\web\CWebApplication.php:286
Stack trace:
#0 C:\xampp\htdocs\yii_main\framework\web\CWebApplication.php(141): CWebApplication->runController('app/js/lib/jque...')
#1 C:\xampp\htdocs\yii_main\framework\base\CApplication.php(169): CWebApplication->processRequest()
#2 C:\xampp\htdocs\ichatstyle\index.php(13): CApplication->run()
#3 {main}
REQUEST_URI=/ichatstyle/app/js/lib/jquery.min.map
---
2015/09/11 10:43:02 [error] [system.db.CDbCommand] CDbCommand::fetchAll() failed: SQLSTATE[42000]: Syntax error or access violation: 1064 You have an error in your SQL syntax; check the manual that corresponds to your MySQL server version for the right syntax to use near ')' at line 1. The SQL statement executed was: SELECT * FROM `ic_profile` `t` WHERE (not user_id=1) AND (not user_id=).
in C:\xampp\htdocs\ichatstyle\protected\modules\user\models\Profile.php (59)
in C:\xampp\htdocs\ichatstyle\protected\controllers\SiteController.php (24)
in C:\xampp\htdocs\ichatstyle\index.php (13)
2015/09/11 10:43:02 [error] [exception.CDbException] exception 'CDbException' with message 'CDbCommand failed to execute the SQL statement: SQLSTATE[42000]: Syntax error or access violation: 1064 You have an error in your SQL syntax; check the manual that corresponds to your MySQL server version for the right syntax to use near ')' at line 1. The SQL statement executed was: SELECT * FROM `ic_profile` `t` WHERE (not user_id=1) AND (not user_id=)' in C:\xampp\htdocs\yii_main\framework\db\CDbCommand.php:541
Stack trace:
#0 C:\xampp\htdocs\yii_main\framework\db\CDbCommand.php(395): CDbCommand->queryInternal('fetchAll', Array, Array)
#1 C:\xampp\htdocs\yii_main\framework\db\ar\CActiveRecord.php(1297): CDbCommand->queryAll()
#2 C:\xampp\htdocs\yii_main\framework\db\ar\CActiveRecord.php(1416): CActiveRecord->query(Object(CDbCriteria), true)
#3 C:\xampp\htdocs\ichatstyle\protected\modules\user\models\Profile.php(59): CActiveRecord->findAll(Object(CDbCriteria))
#4 C:\xampp\htdocs\ichatstyle\protected\controllers\SiteController.php(24): Profile::getPeople(true)
#5 C:\xampp\htdocs\yii_main\framework\web\actions\CInlineAction.php(49): SiteController->actionUsers()
#6 C:\xampp\htdocs\yii_main\framework\web\CController.php(308): CInlineAction->runWithParams(Array)
#7 C:\xampp\htdocs\yii_main\framework\web\CController.php(286): CController->runAction(Object(CInlineAction))
#8 C:\xampp\htdocs\yii_main\framework\web\CController.php(265): CController->runActionWithFilters(Object(CInlineAction), Array)
#9 C:\xampp\htdocs\yii_main\framework\web\CWebApplication.php(282): CController->run('users')
#10 C:\xampp\htdocs\yii_main\framework\web\CWebApplication.php(141): CWebApplication->runController('site/users')
#11 C:\xampp\htdocs\yii_main\framework\base\CApplication.php(169): CWebApplication->processRequest()
#12 C:\xampp\htdocs\ichatstyle\index.php(13): CApplication->run()
#13 {main}
REQUEST_URI=/ichatstyle/site/users
HTTP_REFERER=http://localhost/ichatstyle/app/
---
2015/09/11 10:43:44 [error] [exception.CHttpException.404] exception 'CHttpException' with message 'Unable to resolve the request "app/js/lib/jquery.min.map".' in C:\xampp\htdocs\yii_main\framework\web\CWebApplication.php:286
Stack trace:
#0 C:\xampp\htdocs\yii_main\framework\web\CWebApplication.php(141): CWebApplication->runController('app/js/lib/jque...')
#1 C:\xampp\htdocs\yii_main\framework\base\CApplication.php(169): CWebApplication->processRequest()
#2 C:\xampp\htdocs\ichatstyle\index.php(13): CApplication->run()
#3 {main}
REQUEST_URI=/ichatstyle/app/js/lib/jquery.min.map
---
2015/09/11 10:43:45 [error] [system.db.CDbCommand] CDbCommand::fetchAll() failed: SQLSTATE[42000]: Syntax error or access violation: 1064 You have an error in your SQL syntax; check the manual that corresponds to your MySQL server version for the right syntax to use near ')' at line 1. The SQL statement executed was: SELECT * FROM `ic_profile` `t` WHERE (not user_id=1) AND (not user_id=).
in C:\xampp\htdocs\ichatstyle\protected\modules\user\models\Profile.php (59)
in C:\xampp\htdocs\ichatstyle\protected\controllers\SiteController.php (24)
in C:\xampp\htdocs\ichatstyle\index.php (13)
2015/09/11 10:43:45 [error] [exception.CDbException] exception 'CDbException' with message 'CDbCommand failed to execute the SQL statement: SQLSTATE[42000]: Syntax error or access violation: 1064 You have an error in your SQL syntax; check the manual that corresponds to your MySQL server version for the right syntax to use near ')' at line 1. The SQL statement executed was: SELECT * FROM `ic_profile` `t` WHERE (not user_id=1) AND (not user_id=)' in C:\xampp\htdocs\yii_main\framework\db\CDbCommand.php:541
Stack trace:
#0 C:\xampp\htdocs\yii_main\framework\db\CDbCommand.php(395): CDbCommand->queryInternal('fetchAll', Array, Array)
#1 C:\xampp\htdocs\yii_main\framework\db\ar\CActiveRecord.php(1297): CDbCommand->queryAll()
#2 C:\xampp\htdocs\yii_main\framework\db\ar\CActiveRecord.php(1416): CActiveRecord->query(Object(CDbCriteria), true)
#3 C:\xampp\htdocs\ichatstyle\protected\modules\user\models\Profile.php(59): CActiveRecord->findAll(Object(CDbCriteria))
#4 C:\xampp\htdocs\ichatstyle\protected\controllers\SiteController.php(24): Profile::getPeople(true)
#5 C:\xampp\htdocs\yii_main\framework\web\actions\CInlineAction.php(49): SiteController->actionUsers()
#6 C:\xampp\htdocs\yii_main\framework\web\CController.php(308): CInlineAction->runWithParams(Array)
#7 C:\xampp\htdocs\yii_main\framework\web\CController.php(286): CController->runAction(Object(CInlineAction))
#8 C:\xampp\htdocs\yii_main\framework\web\CController.php(265): CController->runActionWithFilters(Object(CInlineAction), Array)
#9 C:\xampp\htdocs\yii_main\framework\web\CWebApplication.php(282): CController->run('users')
#10 C:\xampp\htdocs\yii_main\framework\web\CWebApplication.php(141): CWebApplication->runController('site/users')
#11 C:\xampp\htdocs\yii_main\framework\base\CApplication.php(169): CWebApplication->processRequest()
#12 C:\xampp\htdocs\ichatstyle\index.php(13): CApplication->run()
#13 {main}
REQUEST_URI=/ichatstyle/site/users
HTTP_REFERER=http://localhost/ichatstyle/app/
---
2015/09/11 10:43:54 [error] [exception.CHttpException.404] exception 'CHttpException' with message 'Unable to resolve the request "app/js/lib/jquery.min.map".' in C:\xampp\htdocs\yii_main\framework\web\CWebApplication.php:286
Stack trace:
#0 C:\xampp\htdocs\yii_main\framework\web\CWebApplication.php(141): CWebApplication->runController('app/js/lib/jque...')
#1 C:\xampp\htdocs\yii_main\framework\base\CApplication.php(169): CWebApplication->processRequest()
#2 C:\xampp\htdocs\ichatstyle\index.php(13): CApplication->run()
#3 {main}
REQUEST_URI=/ichatstyle/app/js/lib/jquery.min.map
---
2015/09/11 10:43:56 [error] [system.db.CDbCommand] CDbCommand::fetchAll() failed: SQLSTATE[42000]: Syntax error or access violation: 1064 You have an error in your SQL syntax; check the manual that corresponds to your MySQL server version for the right syntax to use near ')' at line 1. The SQL statement executed was: SELECT * FROM `ic_profile` `t` WHERE (not user_id=1) AND (not user_id=).
in C:\xampp\htdocs\ichatstyle\protected\modules\user\models\Profile.php (59)
in C:\xampp\htdocs\ichatstyle\protected\controllers\SiteController.php (24)
in C:\xampp\htdocs\ichatstyle\index.php (13)
2015/09/11 10:43:56 [error] [exception.CDbException] exception 'CDbException' with message 'CDbCommand failed to execute the SQL statement: SQLSTATE[42000]: Syntax error or access violation: 1064 You have an error in your SQL syntax; check the manual that corresponds to your MySQL server version for the right syntax to use near ')' at line 1. The SQL statement executed was: SELECT * FROM `ic_profile` `t` WHERE (not user_id=1) AND (not user_id=)' in C:\xampp\htdocs\yii_main\framework\db\CDbCommand.php:541
Stack trace:
#0 C:\xampp\htdocs\yii_main\framework\db\CDbCommand.php(395): CDbCommand->queryInternal('fetchAll', Array, Array)
#1 C:\xampp\htdocs\yii_main\framework\db\ar\CActiveRecord.php(1297): CDbCommand->queryAll()
#2 C:\xampp\htdocs\yii_main\framework\db\ar\CActiveRecord.php(1416): CActiveRecord->query(Object(CDbCriteria), true)
#3 C:\xampp\htdocs\ichatstyle\protected\modules\user\models\Profile.php(59): CActiveRecord->findAll(Object(CDbCriteria))
#4 C:\xampp\htdocs\ichatstyle\protected\controllers\SiteController.php(24): Profile::getPeople(true)
#5 C:\xampp\htdocs\yii_main\framework\web\actions\CInlineAction.php(49): SiteController->actionUsers()
#6 C:\xampp\htdocs\yii_main\framework\web\CController.php(308): CInlineAction->runWithParams(Array)
#7 C:\xampp\htdocs\yii_main\framework\web\CController.php(286): CController->runAction(Object(CInlineAction))
#8 C:\xampp\htdocs\yii_main\framework\web\CController.php(265): CController->runActionWithFilters(Object(CInlineAction), Array)
#9 C:\xampp\htdocs\yii_main\framework\web\CWebApplication.php(282): CController->run('users')
#10 C:\xampp\htdocs\yii_main\framework\web\CWebApplication.php(141): CWebApplication->runController('site/users')
#11 C:\xampp\htdocs\yii_main\framework\base\CApplication.php(169): CWebApplication->processRequest()
#12 C:\xampp\htdocs\ichatstyle\index.php(13): CApplication->run()
#13 {main}
REQUEST_URI=/ichatstyle/site/users
HTTP_REFERER=http://localhost/ichatstyle/app/
---
2015/09/11 11:09:49 [error] [system.db.CDbCommand] CDbCommand::fetchAll() failed: SQLSTATE[42000]: Syntax error or access violation: 1064 You have an error in your SQL syntax; check the manual that corresponds to your MySQL server version for the right syntax to use near ')' at line 1. The SQL statement executed was: SELECT * FROM `ic_profile` `t` WHERE (not user_id=1) AND (not user_id=).
in C:\xampp\htdocs\ichatstyle\protected\modules\user\models\Profile.php (59)
in C:\xampp\htdocs\ichatstyle\protected\controllers\SiteController.php (24)
in C:\xampp\htdocs\ichatstyle\index.php (13)
2015/09/11 11:09:49 [error] [exception.CDbException] exception 'CDbException' with message 'CDbCommand failed to execute the SQL statement: SQLSTATE[42000]: Syntax error or access violation: 1064 You have an error in your SQL syntax; check the manual that corresponds to your MySQL server version for the right syntax to use near ')' at line 1. The SQL statement executed was: SELECT * FROM `ic_profile` `t` WHERE (not user_id=1) AND (not user_id=)' in C:\xampp\htdocs\yii_main\framework\db\CDbCommand.php:541
Stack trace:
#0 C:\xampp\htdocs\yii_main\framework\db\CDbCommand.php(395): CDbCommand->queryInternal('fetchAll', Array, Array)
#1 C:\xampp\htdocs\yii_main\framework\db\ar\CActiveRecord.php(1297): CDbCommand->queryAll()
#2 C:\xampp\htdocs\yii_main\framework\db\ar\CActiveRecord.php(1416): CActiveRecord->query(Object(CDbCriteria), true)
#3 C:\xampp\htdocs\ichatstyle\protected\modules\user\models\Profile.php(59): CActiveRecord->findAll(Object(CDbCriteria))
#4 C:\xampp\htdocs\ichatstyle\protected\controllers\SiteController.php(24): Profile::getPeople(true)
#5 C:\xampp\htdocs\yii_main\framework\web\actions\CInlineAction.php(49): SiteController->actionUsers()
#6 C:\xampp\htdocs\yii_main\framework\web\CController.php(308): CInlineAction->runWithParams(Array)
#7 C:\xampp\htdocs\yii_main\framework\web\CController.php(286): CController->runAction(Object(CInlineAction))
#8 C:\xampp\htdocs\yii_main\framework\web\CController.php(265): CController->runActionWithFilters(Object(CInlineAction), Array)
#9 C:\xampp\htdocs\yii_main\framework\web\CWebApplication.php(282): CController->run('users')
#10 C:\xampp\htdocs\yii_main\framework\web\CWebApplication.php(141): CWebApplication->runController('site/users')
#11 C:\xampp\htdocs\yii_main\framework\base\CApplication.php(169): CWebApplication->processRequest()
#12 C:\xampp\htdocs\ichatstyle\index.php(13): CApplication->run()
#13 {main}
REQUEST_URI=/ichatstyle/site/users
HTTP_REFERER=http://localhost/ichatstyle/app/
---
2015/09/11 11:09:53 [error] [system.db.CDbCommand] CDbCommand::fetchAll() failed: SQLSTATE[42000]: Syntax error or access violation: 1064 You have an error in your SQL syntax; check the manual that corresponds to your MySQL server version for the right syntax to use near ')' at line 1. The SQL statement executed was: SELECT * FROM `ic_profile` `t` WHERE (not user_id=1) AND (not user_id=).
in C:\xampp\htdocs\ichatstyle\protected\modules\user\models\Profile.php (59)
in C:\xampp\htdocs\ichatstyle\protected\controllers\SiteController.php (24)
in C:\xampp\htdocs\ichatstyle\index.php (13)
2015/09/11 11:09:53 [error] [exception.CDbException] exception 'CDbException' with message 'CDbCommand failed to execute the SQL statement: SQLSTATE[42000]: Syntax error or access violation: 1064 You have an error in your SQL syntax; check the manual that corresponds to your MySQL server version for the right syntax to use near ')' at line 1. The SQL statement executed was: SELECT * FROM `ic_profile` `t` WHERE (not user_id=1) AND (not user_id=)' in C:\xampp\htdocs\yii_main\framework\db\CDbCommand.php:541
Stack trace:
#0 C:\xampp\htdocs\yii_main\framework\db\CDbCommand.php(395): CDbCommand->queryInternal('fetchAll', Array, Array)
#1 C:\xampp\htdocs\yii_main\framework\db\ar\CActiveRecord.php(1297): CDbCommand->queryAll()
#2 C:\xampp\htdocs\yii_main\framework\db\ar\CActiveRecord.php(1416): CActiveRecord->query(Object(CDbCriteria), true)
#3 C:\xampp\htdocs\ichatstyle\protected\modules\user\models\Profile.php(59): CActiveRecord->findAll(Object(CDbCriteria))
#4 C:\xampp\htdocs\ichatstyle\protected\controllers\SiteController.php(24): Profile::getPeople(true)
#5 C:\xampp\htdocs\yii_main\framework\web\actions\CInlineAction.php(49): SiteController->actionUsers()
#6 C:\xampp\htdocs\yii_main\framework\web\CController.php(308): CInlineAction->runWithParams(Array)
#7 C:\xampp\htdocs\yii_main\framework\web\CController.php(286): CController->runAction(Object(CInlineAction))
#8 C:\xampp\htdocs\yii_main\framework\web\CController.php(265): CController->runActionWithFilters(Object(CInlineAction), Array)
#9 C:\xampp\htdocs\yii_main\framework\web\CWebApplication.php(282): CController->run('users')
#10 C:\xampp\htdocs\yii_main\framework\web\CWebApplication.php(141): CWebApplication->runController('site/users')
#11 C:\xampp\htdocs\yii_main\framework\base\CApplication.php(169): CWebApplication->processRequest()
#12 C:\xampp\htdocs\ichatstyle\index.php(13): CApplication->run()
#13 {main}
REQUEST_URI=/ichatstyle/site/users
HTTP_REFERER=http://localhost/ichatstyle/app/
---
2015/09/11 11:10:22 [error] [exception.CHttpException.404] exception 'CHttpException' with message 'Unable to resolve the request "app/js/lib/jquery.min.map".' in C:\xampp\htdocs\yii_main\framework\web\CWebApplication.php:286
Stack trace:
#0 C:\xampp\htdocs\yii_main\framework\web\CWebApplication.php(141): CWebApplication->runController('app/js/lib/jque...')
#1 C:\xampp\htdocs\yii_main\framework\base\CApplication.php(169): CWebApplication->processRequest()
#2 C:\xampp\htdocs\ichatstyle\index.php(13): CApplication->run()
#3 {main}
REQUEST_URI=/ichatstyle/app/js/lib/jquery.min.map
---
2015/09/11 11:10:23 [error] [system.db.CDbCommand] CDbCommand::fetchAll() failed: SQLSTATE[42000]: Syntax error or access violation: 1064 You have an error in your SQL syntax; check the manual that corresponds to your MySQL server version for the right syntax to use near ')' at line 1. The SQL statement executed was: SELECT * FROM `ic_profile` `t` WHERE (not user_id=1) AND (not user_id=).
in C:\xampp\htdocs\ichatstyle\protected\modules\user\models\Profile.php (59)
in C:\xampp\htdocs\ichatstyle\protected\controllers\SiteController.php (24)
in C:\xampp\htdocs\ichatstyle\index.php (13)
2015/09/11 11:10:23 [error] [exception.CDbException] exception 'CDbException' with message 'CDbCommand failed to execute the SQL statement: SQLSTATE[42000]: Syntax error or access violation: 1064 You have an error in your SQL syntax; check the manual that corresponds to your MySQL server version for the right syntax to use near ')' at line 1. The SQL statement executed was: SELECT * FROM `ic_profile` `t` WHERE (not user_id=1) AND (not user_id=)' in C:\xampp\htdocs\yii_main\framework\db\CDbCommand.php:541
Stack trace:
#0 C:\xampp\htdocs\yii_main\framework\db\CDbCommand.php(395): CDbCommand->queryInternal('fetchAll', Array, Array)
#1 C:\xampp\htdocs\yii_main\framework\db\ar\CActiveRecord.php(1297): CDbCommand->queryAll()
#2 C:\xampp\htdocs\yii_main\framework\db\ar\CActiveRecord.php(1416): CActiveRecord->query(Object(CDbCriteria), true)
#3 C:\xampp\htdocs\ichatstyle\protected\modules\user\models\Profile.php(59): CActiveRecord->findAll(Object(CDbCriteria))
#4 C:\xampp\htdocs\ichatstyle\protected\controllers\SiteController.php(24): Profile::getPeople(true)
#5 C:\xampp\htdocs\yii_main\framework\web\actions\CInlineAction.php(49): SiteController->actionUsers()
#6 C:\xampp\htdocs\yii_main\framework\web\CController.php(308): CInlineAction->runWithParams(Array)
#7 C:\xampp\htdocs\yii_main\framework\web\CController.php(286): CController->runAction(Object(CInlineAction))
#8 C:\xampp\htdocs\yii_main\framework\web\CController.php(265): CController->runActionWithFilters(Object(CInlineAction), Array)
#9 C:\xampp\htdocs\yii_main\framework\web\CWebApplication.php(282): CController->run('users')
#10 C:\xampp\htdocs\yii_main\framework\web\CWebApplication.php(141): CWebApplication->runController('site/users')
#11 C:\xampp\htdocs\yii_main\framework\base\CApplication.php(169): CWebApplication->processRequest()
#12 C:\xampp\htdocs\ichatstyle\index.php(13): CApplication->run()
#13 {main}
REQUEST_URI=/ichatstyle/site/users
HTTP_REFERER=http://localhost/ichatstyle/app/
---
2015/09/11 11:10:26 [error] [exception.CHttpException.404] exception 'CHttpException' with message 'Unable to resolve the request "app/js/lib/jquery.min.map".' in C:\xampp\htdocs\yii_main\framework\web\CWebApplication.php:286
Stack trace:
#0 C:\xampp\htdocs\yii_main\framework\web\CWebApplication.php(141): CWebApplication->runController('app/js/lib/jque...')
#1 C:\xampp\htdocs\yii_main\framework\base\CApplication.php(169): CWebApplication->processRequest()
#2 C:\xampp\htdocs\ichatstyle\index.php(13): CApplication->run()
#3 {main}
REQUEST_URI=/ichatstyle/app/js/lib/jquery.min.map
---
2015/09/11 11:10:27 [error] [system.db.CDbCommand] CDbCommand::fetchAll() failed: SQLSTATE[42000]: Syntax error or access violation: 1064 You have an error in your SQL syntax; check the manual that corresponds to your MySQL server version for the right syntax to use near ')' at line 1. The SQL statement executed was: SELECT * FROM `ic_profile` `t` WHERE (not user_id=1) AND (not user_id=).
in C:\xampp\htdocs\ichatstyle\protected\modules\user\models\Profile.php (59)
in C:\xampp\htdocs\ichatstyle\protected\controllers\SiteController.php (24)
in C:\xampp\htdocs\ichatstyle\index.php (13)
2015/09/11 11:10:27 [error] [exception.CDbException] exception 'CDbException' with message 'CDbCommand failed to execute the SQL statement: SQLSTATE[42000]: Syntax error or access violation: 1064 You have an error in your SQL syntax; check the manual that corresponds to your MySQL server version for the right syntax to use near ')' at line 1. The SQL statement executed was: SELECT * FROM `ic_profile` `t` WHERE (not user_id=1) AND (not user_id=)' in C:\xampp\htdocs\yii_main\framework\db\CDbCommand.php:541
Stack trace:
#0 C:\xampp\htdocs\yii_main\framework\db\CDbCommand.php(395): CDbCommand->queryInternal('fetchAll', Array, Array)
#1 C:\xampp\htdocs\yii_main\framework\db\ar\CActiveRecord.php(1297): CDbCommand->queryAll()
#2 C:\xampp\htdocs\yii_main\framework\db\ar\CActiveRecord.php(1416): CActiveRecord->query(Object(CDbCriteria), true)
#3 C:\xampp\htdocs\ichatstyle\protected\modules\user\models\Profile.php(59): CActiveRecord->findAll(Object(CDbCriteria))
#4 C:\xampp\htdocs\ichatstyle\protected\controllers\SiteController.php(24): Profile::getPeople(true)
#5 C:\xampp\htdocs\yii_main\framework\web\actions\CInlineAction.php(49): SiteController->actionUsers()
#6 C:\xampp\htdocs\yii_main\framework\web\CController.php(308): CInlineAction->runWithParams(Array)
#7 C:\xampp\htdocs\yii_main\framework\web\CController.php(286): CController->runAction(Object(CInlineAction))
#8 C:\xampp\htdocs\yii_main\framework\web\CController.php(265): CController->runActionWithFilters(Object(CInlineAction), Array)
#9 C:\xampp\htdocs\yii_main\framework\web\CWebApplication.php(282): CController->run('users')
#10 C:\xampp\htdocs\yii_main\framework\web\CWebApplication.php(141): CWebApplication->runController('site/users')
#11 C:\xampp\htdocs\yii_main\framework\base\CApplication.php(169): CWebApplication->processRequest()
#12 C:\xampp\htdocs\ichatstyle\index.php(13): CApplication->run()
#13 {main}
REQUEST_URI=/ichatstyle/site/users
HTTP_REFERER=http://localhost/ichatstyle/app/
---
2015/09/11 11:12:08 [error] [exception.CHttpException.404] exception 'CHttpException' with message 'Unable to resolve the request "app/js/lib/jquery.min.map".' in C:\xampp\htdocs\yii_main\framework\web\CWebApplication.php:286
Stack trace:
#0 C:\xampp\htdocs\yii_main\framework\web\CWebApplication.php(141): CWebApplication->runController('app/js/lib/jque...')
#1 C:\xampp\htdocs\yii_main\framework\base\CApplication.php(169): CWebApplication->processRequest()
#2 C:\xampp\htdocs\ichatstyle\index.php(13): CApplication->run()
#3 {main}
REQUEST_URI=/ichatstyle/app/js/lib/jquery.min.map
---
2015/09/11 11:12:09 [error] [system.db.CDbCommand] CDbCommand::fetchAll() failed: SQLSTATE[42000]: Syntax error or access violation: 1064 You have an error in your SQL syntax; check the manual that corresponds to your MySQL server version for the right syntax to use near ')' at line 1. The SQL statement executed was: SELECT * FROM `ic_profile` `t` WHERE (not user_id=1) AND (not user_id=).
in C:\xampp\htdocs\ichatstyle\protected\modules\user\models\Profile.php (59)
in C:\xampp\htdocs\ichatstyle\protected\controllers\SiteController.php (24)
in C:\xampp\htdocs\ichatstyle\index.php (13)
2015/09/11 11:12:09 [error] [exception.CDbException] exception 'CDbException' with message 'CDbCommand failed to execute the SQL statement: SQLSTATE[42000]: Syntax error or access violation: 1064 You have an error in your SQL syntax; check the manual that corresponds to your MySQL server version for the right syntax to use near ')' at line 1. The SQL statement executed was: SELECT * FROM `ic_profile` `t` WHERE (not user_id=1) AND (not user_id=)' in C:\xampp\htdocs\yii_main\framework\db\CDbCommand.php:541
Stack trace:
#0 C:\xampp\htdocs\yii_main\framework\db\CDbCommand.php(395): CDbCommand->queryInternal('fetchAll', Array, Array)
#1 C:\xampp\htdocs\yii_main\framework\db\ar\CActiveRecord.php(1297): CDbCommand->queryAll()
#2 C:\xampp\htdocs\yii_main\framework\db\ar\CActiveRecord.php(1416): CActiveRecord->query(Object(CDbCriteria), true)
#3 C:\xampp\htdocs\ichatstyle\protected\modules\user\models\Profile.php(59): CActiveRecord->findAll(Object(CDbCriteria))
#4 C:\xampp\htdocs\ichatstyle\protected\controllers\SiteController.php(24): Profile::getPeople(true)
#5 C:\xampp\htdocs\yii_main\framework\web\actions\CInlineAction.php(49): SiteController->actionUsers()
#6 C:\xampp\htdocs\yii_main\framework\web\CController.php(308): CInlineAction->runWithParams(Array)
#7 C:\xampp\htdocs\yii_main\framework\web\CController.php(286): CController->runAction(Object(CInlineAction))
#8 C:\xampp\htdocs\yii_main\framework\web\CController.php(265): CController->runActionWithFilters(Object(CInlineAction), Array)
#9 C:\xampp\htdocs\yii_main\framework\web\CWebApplication.php(282): CController->run('users')
#10 C:\xampp\htdocs\yii_main\framework\web\CWebApplication.php(141): CWebApplication->runController('site/users')
#11 C:\xampp\htdocs\yii_main\framework\base\CApplication.php(169): CWebApplication->processRequest()
#12 C:\xampp\htdocs\ichatstyle\index.php(13): CApplication->run()
#13 {main}
REQUEST_URI=/ichatstyle/site/users
HTTP_REFERER=http://localhost/ichatstyle/app/
---
2015/09/11 11:13:48 [error] [exception.CHttpException.404] exception 'CHttpException' with message 'Unable to resolve the request "app/js/lib/jquery.min.map".' in C:\xampp\htdocs\yii_main\framework\web\CWebApplication.php:286
Stack trace:
#0 C:\xampp\htdocs\yii_main\framework\web\CWebApplication.php(141): CWebApplication->runController('app/js/lib/jque...')
#1 C:\xampp\htdocs\yii_main\framework\base\CApplication.php(169): CWebApplication->processRequest()
#2 C:\xampp\htdocs\ichatstyle\index.php(13): CApplication->run()
#3 {main}
REQUEST_URI=/ichatstyle/app/js/lib/jquery.min.map
---
2015/09/11 11:13:50 [error] [system.db.CDbCommand] CDbCommand::fetchAll() failed: SQLSTATE[42000]: Syntax error or access violation: 1064 You have an error in your SQL syntax; check the manual that corresponds to your MySQL server version for the right syntax to use near ')' at line 1. The SQL statement executed was: SELECT * FROM `ic_profile` `t` WHERE (not user_id=1) AND (not user_id=).
in C:\xampp\htdocs\ichatstyle\protected\modules\user\models\Profile.php (59)
in C:\xampp\htdocs\ichatstyle\protected\controllers\SiteController.php (24)
in C:\xampp\htdocs\ichatstyle\index.php (13)
2015/09/11 11:13:50 [error] [exception.CDbException] exception 'CDbException' with message 'CDbCommand failed to execute the SQL statement: SQLSTATE[42000]: Syntax error or access violation: 1064 You have an error in your SQL syntax; check the manual that corresponds to your MySQL server version for the right syntax to use near ')' at line 1. The SQL statement executed was: SELECT * FROM `ic_profile` `t` WHERE (not user_id=1) AND (not user_id=)' in C:\xampp\htdocs\yii_main\framework\db\CDbCommand.php:541
Stack trace:
#0 C:\xampp\htdocs\yii_main\framework\db\CDbCommand.php(395): CDbCommand->queryInternal('fetchAll', Array, Array)
#1 C:\xampp\htdocs\yii_main\framework\db\ar\CActiveRecord.php(1297): CDbCommand->queryAll()
#2 C:\xampp\htdocs\yii_main\framework\db\ar\CActiveRecord.php(1416): CActiveRecord->query(Object(CDbCriteria), true)
#3 C:\xampp\htdocs\ichatstyle\protected\modules\user\models\Profile.php(59): CActiveRecord->findAll(Object(CDbCriteria))
#4 C:\xampp\htdocs\ichatstyle\protected\controllers\SiteController.php(24): Profile::getPeople(true)
#5 C:\xampp\htdocs\yii_main\framework\web\actions\CInlineAction.php(49): SiteController->actionUsers()
#6 C:\xampp\htdocs\yii_main\framework\web\CController.php(308): CInlineAction->runWithParams(Array)
#7 C:\xampp\htdocs\yii_main\framework\web\CController.php(286): CController->runAction(Object(CInlineAction))
#8 C:\xampp\htdocs\yii_main\framework\web\CController.php(265): CController->runActionWithFilters(Object(CInlineAction), Array)
#9 C:\xampp\htdocs\yii_main\framework\web\CWebApplication.php(282): CController->run('users')
#10 C:\xampp\htdocs\yii_main\framework\web\CWebApplication.php(141): CWebApplication->runController('site/users')
#11 C:\xampp\htdocs\yii_main\framework\base\CApplication.php(169): CWebApplication->processRequest()
#12 C:\xampp\htdocs\ichatstyle\index.php(13): CApplication->run()
#13 {main}
REQUEST_URI=/ichatstyle/site/users
HTTP_REFERER=http://localhost/ichatstyle/app/
---
2015/09/11 11:14:31 [error] [exception.CHttpException.404] exception 'CHttpException' with message 'Unable to resolve the request "app/js/lib/jquery.min.map".' in C:\xampp\htdocs\yii_main\framework\web\CWebApplication.php:286
Stack trace:
#0 C:\xampp\htdocs\yii_main\framework\web\CWebApplication.php(141): CWebApplication->runController('app/js/lib/jque...')
#1 C:\xampp\htdocs\yii_main\framework\base\CApplication.php(169): CWebApplication->processRequest()
#2 C:\xampp\htdocs\ichatstyle\index.php(13): CApplication->run()
#3 {main}
REQUEST_URI=/ichatstyle/app/js/lib/jquery.min.map
---
2015/09/11 11:14:32 [error] [system.db.CDbCommand] CDbCommand::fetchAll() failed: SQLSTATE[42000]: Syntax error or access violation: 1064 You have an error in your SQL syntax; check the manual that corresponds to your MySQL server version for the right syntax to use near ')' at line 1. The SQL statement executed was: SELECT * FROM `ic_profile` `t` WHERE (not user_id=1) AND (not user_id=).
in C:\xampp\htdocs\ichatstyle\protected\modules\user\models\Profile.php (59)
in C:\xampp\htdocs\ichatstyle\protected\controllers\SiteController.php (24)
in C:\xampp\htdocs\ichatstyle\index.php (13)
2015/09/11 11:14:32 [error] [exception.CDbException] exception 'CDbException' with message 'CDbCommand failed to execute the SQL statement: SQLSTATE[42000]: Syntax error or access violation: 1064 You have an error in your SQL syntax; check the manual that corresponds to your MySQL server version for the right syntax to use near ')' at line 1. The SQL statement executed was: SELECT * FROM `ic_profile` `t` WHERE (not user_id=1) AND (not user_id=)' in C:\xampp\htdocs\yii_main\framework\db\CDbCommand.php:541
Stack trace:
#0 C:\xampp\htdocs\yii_main\framework\db\CDbCommand.php(395): CDbCommand->queryInternal('fetchAll', Array, Array)
#1 C:\xampp\htdocs\yii_main\framework\db\ar\CActiveRecord.php(1297): CDbCommand->queryAll()
#2 C:\xampp\htdocs\yii_main\framework\db\ar\CActiveRecord.php(1416): CActiveRecord->query(Object(CDbCriteria), true)
#3 C:\xampp\htdocs\ichatstyle\protected\modules\user\models\Profile.php(59): CActiveRecord->findAll(Object(CDbCriteria))
#4 C:\xampp\htdocs\ichatstyle\protected\controllers\SiteController.php(24): Profile::getPeople(true)
#5 C:\xampp\htdocs\yii_main\framework\web\actions\CInlineAction.php(49): SiteController->actionUsers()
#6 C:\xampp\htdocs\yii_main\framework\web\CController.php(308): CInlineAction->runWithParams(Array)
#7 C:\xampp\htdocs\yii_main\framework\web\CController.php(286): CController->runAction(Object(CInlineAction))
#8 C:\xampp\htdocs\yii_main\framework\web\CController.php(265): CController->runActionWithFilters(Object(CInlineAction), Array)
#9 C:\xampp\htdocs\yii_main\framework\web\CWebApplication.php(282): CController->run('users')
#10 C:\xampp\htdocs\yii_main\framework\web\CWebApplication.php(141): CWebApplication->runController('site/users')
#11 C:\xampp\htdocs\yii_main\framework\base\CApplication.php(169): CWebApplication->processRequest()
#12 C:\xampp\htdocs\ichatstyle\index.php(13): CApplication->run()
#13 {main}
REQUEST_URI=/ichatstyle/site/users
HTTP_REFERER=http://localhost/ichatstyle/app/
---
2015/09/11 11:16:30 [error] [exception.CHttpException.404] exception 'CHttpException' with message 'Unable to resolve the request "app/js/lib/jquery.min.map".' in C:\xampp\htdocs\yii_main\framework\web\CWebApplication.php:286
Stack trace:
#0 C:\xampp\htdocs\yii_main\framework\web\CWebApplication.php(141): CWebApplication->runController('app/js/lib/jque...')
#1 C:\xampp\htdocs\yii_main\framework\base\CApplication.php(169): CWebApplication->processRequest()
#2 C:\xampp\htdocs\ichatstyle\index.php(13): CApplication->run()
#3 {main}
REQUEST_URI=/ichatstyle/app/js/lib/jquery.min.map
---
2015/09/11 11:16:31 [error] [system.db.CDbCommand] CDbCommand::fetchAll() failed: SQLSTATE[42000]: Syntax error or access violation: 1064 You have an error in your SQL syntax; check the manual that corresponds to your MySQL server version for the right syntax to use near ')' at line 1. The SQL statement executed was: SELECT * FROM `ic_profile` `t` WHERE (not user_id=1) AND (not user_id=).
in C:\xampp\htdocs\ichatstyle\protected\modules\user\models\Profile.php (59)
in C:\xampp\htdocs\ichatstyle\protected\controllers\SiteController.php (24)
in C:\xampp\htdocs\ichatstyle\index.php (13)
2015/09/11 11:16:31 [error] [exception.CDbException] exception 'CDbException' with message 'CDbCommand failed to execute the SQL statement: SQLSTATE[42000]: Syntax error or access violation: 1064 You have an error in your SQL syntax; check the manual that corresponds to your MySQL server version for the right syntax to use near ')' at line 1. The SQL statement executed was: SELECT * FROM `ic_profile` `t` WHERE (not user_id=1) AND (not user_id=)' in C:\xampp\htdocs\yii_main\framework\db\CDbCommand.php:541
Stack trace:
#0 C:\xampp\htdocs\yii_main\framework\db\CDbCommand.php(395): CDbCommand->queryInternal('fetchAll', Array, Array)
#1 C:\xampp\htdocs\yii_main\framework\db\ar\CActiveRecord.php(1297): CDbCommand->queryAll()
#2 C:\xampp\htdocs\yii_main\framework\db\ar\CActiveRecord.php(1416): CActiveRecord->query(Object(CDbCriteria), true)
#3 C:\xampp\htdocs\ichatstyle\protected\modules\user\models\Profile.php(59): CActiveRecord->findAll(Object(CDbCriteria))
#4 C:\xampp\htdocs\ichatstyle\protected\controllers\SiteController.php(24): Profile::getPeople(true)
#5 C:\xampp\htdocs\yii_main\framework\web\actions\CInlineAction.php(49): SiteController->actionUsers()
#6 C:\xampp\htdocs\yii_main\framework\web\CController.php(308): CInlineAction->runWithParams(Array)
#7 C:\xampp\htdocs\yii_main\framework\web\CController.php(286): CController->runAction(Object(CInlineAction))
#8 C:\xampp\htdocs\yii_main\framework\web\CController.php(265): CController->runActionWithFilters(Object(CInlineAction), Array)
#9 C:\xampp\htdocs\yii_main\framework\web\CWebApplication.php(282): CController->run('users')
#10 C:\xampp\htdocs\yii_main\framework\web\CWebApplication.php(141): CWebApplication->runController('site/users')
#11 C:\xampp\htdocs\yii_main\framework\base\CApplication.php(169): CWebApplication->processRequest()
#12 C:\xampp\htdocs\ichatstyle\index.php(13): CApplication->run()
#13 {main}
REQUEST_URI=/ichatstyle/site/users
HTTP_REFERER=http://localhost/ichatstyle/app/
---
2015/09/11 11:16:49 [error] [exception.CHttpException.404] exception 'CHttpException' with message 'Unable to resolve the request "app/js/lib/jquery.min.map".' in C:\xampp\htdocs\yii_main\framework\web\CWebApplication.php:286
Stack trace:
#0 C:\xampp\htdocs\yii_main\framework\web\CWebApplication.php(141): CWebApplication->runController('app/js/lib/jque...')
#1 C:\xampp\htdocs\yii_main\framework\base\CApplication.php(169): CWebApplication->processRequest()
#2 C:\xampp\htdocs\ichatstyle\index.php(13): CApplication->run()
#3 {main}
REQUEST_URI=/ichatstyle/app/js/lib/jquery.min.map
---
2015/09/11 11:16:50 [error] [system.db.CDbCommand] CDbCommand::fetchAll() failed: SQLSTATE[42000]: Syntax error or access violation: 1064 You have an error in your SQL syntax; check the manual that corresponds to your MySQL server version for the right syntax to use near ')' at line 1. The SQL statement executed was: SELECT * FROM `ic_profile` `t` WHERE (not user_id=1) AND (not user_id=).
in C:\xampp\htdocs\ichatstyle\protected\modules\user\models\Profile.php (59)
in C:\xampp\htdocs\ichatstyle\protected\controllers\SiteController.php (24)
in C:\xampp\htdocs\ichatstyle\index.php (13)
2015/09/11 11:16:50 [error] [exception.CDbException] exception 'CDbException' with message 'CDbCommand failed to execute the SQL statement: SQLSTATE[42000]: Syntax error or access violation: 1064 You have an error in your SQL syntax; check the manual that corresponds to your MySQL server version for the right syntax to use near ')' at line 1. The SQL statement executed was: SELECT * FROM `ic_profile` `t` WHERE (not user_id=1) AND (not user_id=)' in C:\xampp\htdocs\yii_main\framework\db\CDbCommand.php:541
Stack trace:
#0 C:\xampp\htdocs\yii_main\framework\db\CDbCommand.php(395): CDbCommand->queryInternal('fetchAll', Array, Array)
#1 C:\xampp\htdocs\yii_main\framework\db\ar\CActiveRecord.php(1297): CDbCommand->queryAll()
#2 C:\xampp\htdocs\yii_main\framework\db\ar\CActiveRecord.php(1416): CActiveRecord->query(Object(CDbCriteria), true)
#3 C:\xampp\htdocs\ichatstyle\protected\modules\user\models\Profile.php(59): CActiveRecord->findAll(Object(CDbCriteria))
#4 C:\xampp\htdocs\ichatstyle\protected\controllers\SiteController.php(24): Profile::getPeople(true)
#5 C:\xampp\htdocs\yii_main\framework\web\actions\CInlineAction.php(49): SiteController->actionUsers()
#6 C:\xampp\htdocs\yii_main\framework\web\CController.php(308): CInlineAction->runWithParams(Array)
#7 C:\xampp\htdocs\yii_main\framework\web\CController.php(286): CController->runAction(Object(CInlineAction))
#8 C:\xampp\htdocs\yii_main\framework\web\CController.php(265): CController->runActionWithFilters(Object(CInlineAction), Array)
#9 C:\xampp\htdocs\yii_main\framework\web\CWebApplication.php(282): CController->run('users')
#10 C:\xampp\htdocs\yii_main\framework\web\CWebApplication.php(141): CWebApplication->runController('site/users')
#11 C:\xampp\htdocs\yii_main\framework\base\CApplication.php(169): CWebApplication->processRequest()
#12 C:\xampp\htdocs\ichatstyle\index.php(13): CApplication->run()
#13 {main}
REQUEST_URI=/ichatstyle/site/users
HTTP_REFERER=http://localhost/ichatstyle/app/
---
2015/09/11 11:17:22 [error] [exception.CHttpException.404] exception 'CHttpException' with message 'Unable to resolve the request "app/js/lib/jquery.min.map".' in C:\xampp\htdocs\yii_main\framework\web\CWebApplication.php:286
Stack trace:
#0 C:\xampp\htdocs\yii_main\framework\web\CWebApplication.php(141): CWebApplication->runController('app/js/lib/jque...')
#1 C:\xampp\htdocs\yii_main\framework\base\CApplication.php(169): CWebApplication->processRequest()
#2 C:\xampp\htdocs\ichatstyle\index.php(13): CApplication->run()
#3 {main}
REQUEST_URI=/ichatstyle/app/js/lib/jquery.min.map
---
2015/09/11 11:17:23 [error] [system.db.CDbCommand] CDbCommand::fetchAll() failed: SQLSTATE[42000]: Syntax error or access violation: 1064 You have an error in your SQL syntax; check the manual that corresponds to your MySQL server version for the right syntax to use near ')' at line 1. The SQL statement executed was: SELECT * FROM `ic_profile` `t` WHERE (not user_id=1) AND (not user_id=).
in C:\xampp\htdocs\ichatstyle\protected\modules\user\models\Profile.php (59)
in C:\xampp\htdocs\ichatstyle\protected\controllers\SiteController.php (24)
in C:\xampp\htdocs\ichatstyle\index.php (13)
2015/09/11 11:17:23 [error] [exception.CDbException] exception 'CDbException' with message 'CDbCommand failed to execute the SQL statement: SQLSTATE[42000]: Syntax error or access violation: 1064 You have an error in your SQL syntax; check the manual that corresponds to your MySQL server version for the right syntax to use near ')' at line 1. The SQL statement executed was: SELECT * FROM `ic_profile` `t` WHERE (not user_id=1) AND (not user_id=)' in C:\xampp\htdocs\yii_main\framework\db\CDbCommand.php:541
Stack trace:
#0 C:\xampp\htdocs\yii_main\framework\db\CDbCommand.php(395): CDbCommand->queryInternal('fetchAll', Array, Array)
#1 C:\xampp\htdocs\yii_main\framework\db\ar\CActiveRecord.php(1297): CDbCommand->queryAll()
#2 C:\xampp\htdocs\yii_main\framework\db\ar\CActiveRecord.php(1416): CActiveRecord->query(Object(CDbCriteria), true)
#3 C:\xampp\htdocs\ichatstyle\protected\modules\user\models\Profile.php(59): CActiveRecord->findAll(Object(CDbCriteria))
#4 C:\xampp\htdocs\ichatstyle\protected\controllers\SiteController.php(24): Profile::getPeople(true)
#5 C:\xampp\htdocs\yii_main\framework\web\actions\CInlineAction.php(49): SiteController->actionUsers()
#6 C:\xampp\htdocs\yii_main\framework\web\CController.php(308): CInlineAction->runWithParams(Array)
#7 C:\xampp\htdocs\yii_main\framework\web\CController.php(286): CController->runAction(Object(CInlineAction))
#8 C:\xampp\htdocs\yii_main\framework\web\CController.php(265): CController->runActionWithFilters(Object(CInlineAction), Array)
#9 C:\xampp\htdocs\yii_main\framework\web\CWebApplication.php(282): CController->run('users')
#10 C:\xampp\htdocs\yii_main\framework\web\CWebApplication.php(141): CWebApplication->runController('site/users')
#11 C:\xampp\htdocs\yii_main\framework\base\CApplication.php(169): CWebApplication->processRequest()
#12 C:\xampp\htdocs\ichatstyle\index.php(13): CApplication->run()
#13 {main}
REQUEST_URI=/ichatstyle/site/users
HTTP_REFERER=http://localhost/ichatstyle/app/
---
